

Microchip Technology PIC18 LITE Macro Assembler V1.34 build -361300703 
                                                                                               Thu Sep 09 13:45:50 2021

Microchip Technology Omniscient Code Generator (Lite mode) build 201502162209
     1                           	processor	18F4620
     2                           	fnconf	rparam,??,?,0
     3                           	opt	pw 120
     4                           	opt	lm
     5                           	psect	text0,global,reloc=2,class=CODE,delta=1
     6                           	psect	cinit,global,reloc=2,class=CODE,delta=1
     7                           	psect	cstackCOMRAM,global,class=COMRAM,space=1,delta=1
     8                           	psect	text1,global,reloc=2,class=CODE,delta=1
     9                           	psect	text2,global,reloc=2,class=CODE,delta=1
    10                           	psect	intsave_regs,global,class=BIGRAM,space=1,delta=1
    11                           	psect	rparam,global,class=COMRAM,space=1,delta=1
    12  0000                     _ADCON1	set	4033
    13  0000                     _LATC	set	3979
    14  0000                     _LATD	set	3980
    15  0000                     _TRISC	set	3988
    16  0000                     _TRISD	set	3989
    17                           
    18                           ; 0 bytes @ 0x5
    19 ;;
    20 ;;Main: autosize = 0, tempsize = 0, incstack = 0, save=0
    21 ;;
    22 ;; *************** function _main *****************
    23 ;; Defined at:
    24 ;;		line 16 in file "Lab2p4.c"
    25 ;; Parameters:    Size  Location     Type
    26 ;;		None
    27 ;; Auto vars:     Size  Location     Type
    28 ;;		None
    29 ;; Return value:  Size  Location     Type
    30 ;;		None               void
    31 ;; Registers used:
    32 ;;		wreg, status,2, status,0, cstack
    33 ;; Tracked objects:
    34 ;;		On entry : 0/0
    35 ;;		On exit  : 0/0
    36 ;;		Unchanged: 0/0
    37 ;; Data sizes:     COMRAM   BANK0   BANK1   BANK2   BANK3   BANK4   BANK5   BANK6   BANK7   BANK8   BANK9  BANK10  BANK1
      +1  BANK12  BANK13  BANK14  BANK15
    38 ;;      Params:         0       0       0       0       0       0       0       0       0       0       0       0       
      +0       0       0       0       0
    39 ;;      Locals:         0       0       0       0       0       0       0       0       0       0       0       0       
      +0       0       0       0       0
    40 ;;      Temps:          0       0       0       0       0       0       0       0       0       0       0       0       
      +0       0       0       0       0
    41 ;;      Totals:         0       0       0       0       0       0       0       0       0       0       0       0       
      +0       0       0       0       0
    42 ;;Total ram usage:        0 bytes
    43 ;; Hardware stack levels required when called:    2
    44 ;; This function calls:
    45 ;;		_Flash_LED
    46 ;; This function is called by:
    47 ;;		Startup code after reset
    48 ;; This function uses a non-reentrant model
    49 ;;
    50                           
    51                           	psect	text0
    52  00FF8C                     __ptext0:
    53                           	opt stack 0
    54  00FF8C                     _main:
    55                           	opt stack 29
    56                           
    57                           ;Lab2p4.c: 18: TRISC = 0x00;
    58                           
    59                           ;incstack = 0
    60  00FF8C  0E00               	movlw	0
    61  00FF8E  6E94               	movwf	3988,c	;volatile
    62                           
    63                           ;Lab2p4.c: 19: TRISD = 0x00;
    64  00FF90  0E00               	movlw	0
    65  00FF92  6E95               	movwf	3989,c	;volatile
    66                           
    67                           ;Lab2p4.c: 20: ADCON1 = 0x0F;
    68  00FF94  0E0F               	movlw	15
    69  00FF96  6EC1               	movwf	4033,c	;volatile
    70  00FF98  D000               	goto	l638
    71  00FF9A                     l638:
    72                           
    73                           ;Lab2p4.c: 23: {
    74                           ;Lab2p4.c: 24: Flash_LED();
    75  00FF9A  ECE4  F07F         	call	_Flash_LED	;wreg free
    76  00FF9E  D7FD               	goto	l638
    77  00FFA0  EF00  F000         	goto	start
    78  00FFA4                     __end_of_main:
    79                           	opt stack 0
    80                           
    81                           	psect	cinit
    82  00FF86                     __pcinit:
    83                           	opt stack 0
    84  00FF86                     start_initialization:
    85                           	opt stack 0
    86  00FF86                     __initialization:
    87                           	opt stack 0
    88  00FF86                     end_of_initialization:
    89                           	opt stack 0
    90  00FF86                     __end_of__initialization:
    91                           	opt stack 0
    92  00FF86  0100               	movlb	0
    93  00FF88  EFC6  F07F         	goto	_main	;jump to C main() function
    94                           
    95                           	psect	cstackCOMRAM
    96  000001                     __pcstackCOMRAM:
    97                           	opt stack 0
    98  000001                     Delay_One_Sec@I:
    99                           	opt stack 0
   100                           
   101                           ; 2 bytes @ 0x0
   102  000001                     	ds	2
   103  000003                     Flash_LED@D2:
   104                           	opt stack 0
   105                           
   106                           ; 1 bytes @ 0x2
   107  000003                     	ds	1
   108  000004                     Flash_LED@D1:
   109                           	opt stack 0
   110                           
   111                           ; 2 bytes @ 0x3
   112  000004                     	ds	2
   113  000006                     
   114 ;; *************** function _Flash_LED *****************
   115 ;; Defined at:
   116 ;;		line 28 in file "Lab2p4.c"
   117 ;; Parameters:    Size  Location     Type
   118 ;;		None
   119 ;; Auto vars:     Size  Location     Type
   120 ;;  D1              2    3[COMRAM] int 
   121 ;;  D2              1    2[COMRAM] unsigned char 
   122 ;; Return value:  Size  Location     Type
   123 ;;		None               void
   124 ;; Registers used:
   125 ;;		wreg, status,2, status,0, cstack
   126 ;; Tracked objects:
   127 ;;		On entry : 0/0
   128 ;;		On exit  : 0/0
   129 ;;		Unchanged: 0/0
   130 ;; Data sizes:     COMRAM   BANK0   BANK1   BANK2   BANK3   BANK4   BANK5   BANK6   BANK7   BANK8   BANK9  BANK10  BANK1
      +1  BANK12  BANK13  BANK14  BANK15
   131 ;;      Params:         0       0       0       0       0       0       0       0       0       0       0       0       
      +0       0       0       0       0
   132 ;;      Locals:         3       0       0       0       0       0       0       0       0       0       0       0       
      +0       0       0       0       0
   133 ;;      Temps:          0       0       0       0       0       0       0       0       0       0       0       0       
      +0       0       0       0       0
   134 ;;      Totals:         3       0       0       0       0       0       0       0       0       0       0       0       
      +0       0       0       0       0
   135 ;;Total ram usage:        3 bytes
   136 ;; Hardware stack levels used:    1
   137 ;; Hardware stack levels required when called:    1
   138 ;; This function calls:
   139 ;;		_Delay_One_Sec
   140 ;; This function is called by:
   141 ;;		_main
   142 ;; This function uses a non-reentrant model
   143 ;;
   144                           
   145                           	psect	text1
   146  00FFC8                     __ptext1:
   147                           	opt stack 0
   148  00FFC8                     _Flash_LED:
   149                           	opt stack 29
   150                           
   151                           ;Lab2p4.c: 30: char D2;
   152                           ;Lab2p4.c: 31: D2 = 0x07;
   153                           
   154                           ;incstack = 0
   155  00FFC8  0E07               	movlw	7
   156  00FFCA  6E03               	movwf	Flash_LED@D2,c
   157                           
   158                           ;Lab2p4.c: 32: for (int D1 = 0; D1 < 8; D1++)
   159  00FFCC  0E00               	movlw	0
   160  00FFCE  6E05               	movwf	Flash_LED@D1+1,c
   161  00FFD0  0E00               	movlw	0
   162  00FFD2  6E04               	movwf	Flash_LED@D1,c
   163  00FFD4                     l624:
   164  00FFD4  BE05               	btfsc	Flash_LED@D1+1,7,c
   165  00FFD6  D008               	goto	l23
   166  00FFD8  5005               	movf	Flash_LED@D1+1,w,c
   167  00FFDA  E111               	bnz	l25
   168  00FFDC  0E08               	movlw	8
   169  00FFDE  5C04               	subwf	Flash_LED@D1,w,c
   170  00FFE0  B0D8               	btfsc	status,0,c
   171  00FFE2  D00D               	goto	l25
   172  00FFE4  D001               	goto	l23
   173  00FFE6  D00B               	goto	l25
   174  00FFE8                     l23:
   175                           
   176                           ;Lab2p4.c: 34: {
   177                           ;Lab2p4.c: 35: LATC = D1;
   178  00FFE8  C004  FF8B         	movff	Flash_LED@D1,3979	;volatile
   179                           
   180                           ;Lab2p4.c: 36: LATD = D2;
   181  00FFEC  C003  FF8C         	movff	Flash_LED@D2,3980	;volatile
   182                           
   183                           ;Lab2p4.c: 37: Delay_One_Sec();
   184  00FFF0  ECD2  F07F         	call	_Delay_One_Sec	;wreg free
   185                           
   186                           ;Lab2p4.c: 38: D2--;
   187  00FFF4  0603               	decf	Flash_LED@D2,f,c
   188  00FFF6  4A04               	infsnz	Flash_LED@D1,f,c
   189  00FFF8  2A05               	incf	Flash_LED@D1+1,f,c
   190  00FFFA  D7EC               	goto	l624
   191  00FFFC  D000               	goto	l25
   192  00FFFE                     l25:
   193  00FFFE  0012               	return		;funcret
   194  010000                     __end_of_Flash_LED:
   195                           	opt stack 0
   196                           status	equ	0xFD8
   197                           
   198 ;; *************** function _Delay_One_Sec *****************
   199 ;; Defined at:
   200 ;;		line 41 in file "Lab2p4.c"
   201 ;; Parameters:    Size  Location     Type
   202 ;;		None
   203 ;; Auto vars:     Size  Location     Type
   204 ;;  I               2    0[COMRAM] int 
   205 ;; Return value:  Size  Location     Type
   206 ;;		None               void
   207 ;; Registers used:
   208 ;;		wreg, status,2, status,0
   209 ;; Tracked objects:
   210 ;;		On entry : 0/0
   211 ;;		On exit  : 0/0
   212 ;;		Unchanged: 0/0
   213 ;; Data sizes:     COMRAM   BANK0   BANK1   BANK2   BANK3   BANK4   BANK5   BANK6   BANK7   BANK8   BANK9  BANK10  BANK1
      +1  BANK12  BANK13  BANK14  BANK15
   214 ;;      Params:         0       0       0       0       0       0       0       0       0       0       0       0       
      +0       0       0       0       0
   215 ;;      Locals:         2       0       0       0       0       0       0       0       0       0       0       0       
      +0       0       0       0       0
   216 ;;      Temps:          0       0       0       0       0       0       0       0       0       0       0       0       
      +0       0       0       0       0
   217 ;;      Totals:         2       0       0       0       0       0       0       0       0       0       0       0       
      +0       0       0       0       0
   218 ;;Total ram usage:        2 bytes
   219 ;; Hardware stack levels used:    1
   220 ;; This function calls:
   221 ;;		Nothing
   222 ;; This function is called by:
   223 ;;		_Flash_LED
   224 ;; This function uses a non-reentrant model
   225 ;;
   226                           
   227                           	psect	text2
   228  00FFA4                     __ptext2:
   229                           	opt stack 0
   230  00FFA4                     _Delay_One_Sec:
   231                           	opt stack 29
   232                           
   233                           ;Lab2p4.c: 43: for (int I = 0; I < 17000; I++);
   234                           
   235                           ;incstack = 0
   236  00FFA4  0E00               	movlw	0
   237  00FFA6  6E02               	movwf	Delay_One_Sec@I+1,c
   238  00FFA8  0E00               	movlw	0
   239  00FFAA  6E01               	movwf	Delay_One_Sec@I,c
   240  00FFAC                     l614:
   241  00FFAC  BE02               	btfsc	Delay_One_Sec@I+1,7,c
   242  00FFAE  D008               	goto	l618
   243  00FFB0  0E68               	movlw	104
   244  00FFB2  5C01               	subwf	Delay_One_Sec@I,w,c
   245  00FFB4  0E42               	movlw	66
   246  00FFB6  5802               	subwfb	Delay_One_Sec@I+1,w,c
   247  00FFB8  B0D8               	btfsc	status,0,c
   248  00FFBA  D005               	goto	l30
   249  00FFBC  D001               	goto	l618
   250  00FFBE  D003               	goto	l30
   251  00FFC0                     l618:
   252  00FFC0  4A01               	infsnz	Delay_One_Sec@I,f,c
   253  00FFC2  2A02               	incf	Delay_One_Sec@I+1,f,c
   254  00FFC4  D7F3               	goto	l614
   255  00FFC6                     l30:
   256  00FFC6  0012               	return		;funcret
   257  00FFC8                     __end_of_Delay_One_Sec:
   258                           	opt stack 0
   259  0000                     status	equ	0xFD8
   260                           status	equ	0xFD8
   261                           
   262                           	psect	rparam
   263  0000                     status	equ	0xFD8


Data Sizes:
    Strings     0
    Constant    0
    Data        0
    BSS         0
    Persistent  0
    Stack       0

Auto Spaces:
    Space          Size  Autos    Used
    COMRAM          127      5       5
    BANK0           128      0       0
    BANK1           256      0       0
    BANK2           256      0       0
    BANK3           256      0       0
    BANK4           256      0       0
    BANK5           256      0       0
    BANK6           256      0       0
    BANK7           256      0       0
    BANK8           256      0       0
    BANK9           256      0       0
    BANK10          256      0       0
    BANK11          256      0       0
    BANK12          256      0       0
    BANK13          256      0       0
    BANK14          256      0       0
    BANK15          128      0       0

Pointer List with Targets:

    None.

Critical Paths under _main in COMRAM

    _main->_Flash_LED
    _Flash_LED->_Delay_One_Sec

Critical Paths under _main in BANK0

    None.

Critical Paths under _main in BANK1

    None.

Critical Paths under _main in BANK2

    None.

Critical Paths under _main in BANK3

    None.

Critical Paths under _main in BANK4

    None.

Critical Paths under _main in BANK5

    None.

Critical Paths under _main in BANK6

    None.

Critical Paths under _main in BANK7

    None.

Critical Paths under _main in BANK8

    None.

Critical Paths under _main in BANK9

    None.

Critical Paths under _main in BANK10

    None.

Critical Paths under _main in BANK11

    None.

Critical Paths under _main in BANK12

    None.

Critical Paths under _main in BANK13

    None.

Critical Paths under _main in BANK14

    None.

Critical Paths under _main in BANK15

    None.

Call Graph Tables:

 ---------------------------------------------------------------------------------
 (Depth) Function   	        Calls       Base Space   Used Autos Params    Refs
 ---------------------------------------------------------------------------------
 (0) _main                                                 0     0      0      90
                          _Flash_LED
 ---------------------------------------------------------------------------------
 (1) _Flash_LED                                            3     3      0      90
                                              2 COMRAM     3     3      0
                      _Delay_One_Sec
 ---------------------------------------------------------------------------------
 (2) _Delay_One_Sec                                        2     2      0      30
                                              0 COMRAM     2     2      0
 ---------------------------------------------------------------------------------
 Estimated maximum stack depth 2
 ---------------------------------------------------------------------------------

 Call Graph Graphs:

 _main (ROOT)
   _Flash_LED
     _Delay_One_Sec

 Address spaces:
Name               Size   Autos  Total    Cost      Usage
BITCOMRAM           7F      0       0       0        0.0%
EEDATA             400      0       0       0        0.0%
NULL                 0      0       0       0        0.0%
CODE                 0      0       0       0        0.0%
COMRAM              7F      5       5       1        3.9%
STACK                0      0       0       2        0.0%
DATA                 0      0       0       3        0.0%
BITBANK0            80      0       0       4        0.0%
BANK0               80      0       0       5        0.0%
BITBANK1           100      0       0       6        0.0%
BANK1              100      0       0       7        0.0%
BITBANK2           100      0       0       8        0.0%
BANK2              100      0       0       9        0.0%
BITBANK3           100      0       0      10        0.0%
BANK3              100      0       0      11        0.0%
BITBANK4           100      0       0      12        0.0%
BANK4              100      0       0      13        0.0%
BITBANK5           100      0       0      14        0.0%
BANK5              100      0       0      15        0.0%
BITBANK6           100      0       0      16        0.0%
BANK6              100      0       0      17        0.0%
BITBANK7           100      0       0      18        0.0%
BANK7              100      0       0      19        0.0%
BITBANK8           100      0       0      20        0.0%
BANK8              100      0       0      21        0.0%
BITBANK9           100      0       0      22        0.0%
BANK9              100      0       0      23        0.0%
BITBANK10          100      0       0      24        0.0%
BANK10             100      0       0      25        0.0%
BITBANK11          100      0       0      26        0.0%
BANK11             100      0       0      27        0.0%
BITBANK12          100      0       0      28        0.0%
BANK12             100      0       0      29        0.0%
BITBANK13          100      0       0      30        0.0%
BANK13             100      0       0      31        0.0%
BITBANK14          100      0       0      32        0.0%
BANK14             100      0       0      33        0.0%
ABS                  0      0       0      34        0.0%
BITBANK15           80      0       0      35        0.0%
BANK15              80      0       0      36        0.0%
BIGRAM             F7F      0       0      37        0.0%
BITSFR               0      0       0      40        0.0%
SFR                  0      0       0      40        0.0%


Microchip Technology PIC18 Macro Assembler V1.34 build -361300703 
Symbol Table                                                                                   Thu Sep 09 13:45:50 2021

                     l30 FFC6                       l23 FFE8                       l25 FFFE  
                    l614 FFAC                      l624 FFD4                      l618 FFC0  
                    l638 FF9A             __CFG_LVP$OFF 000000             __CFG_WDT$OFF 000000  
                   _LATC 000F8B                     _LATD 000F8C                     _main FF8C  
                   start 0000             ___param_bank 000010                    ?_main 0001  
                  _TRISC 000F94                    _TRISD 000F95           __CFG_BOREN$OFF 000000  
                  status 000FD8          __initialization FF86             __end_of_main FFA4  
                 ??_main 0006            __activetblptr 000000       __size_of_Flash_LED 0038  
                 _ADCON1 000FC1               __accesstop 0080  __end_of__initialization FF86  
          ___rparam_used 000001        __end_of_Flash_LED 0000           __pcstackCOMRAM 0001  
         Delay_One_Sec@I 0001       __CFG_CCP2MX$PORTBE 000000   __size_of_Delay_One_Sec 0024  
                __Hparam 0000                  __Lparam 0000                  __pcinit FF86  
                __ramtop 1000                  __ptext0 FF8C                  __ptext1 FFC8  
                __ptext2 FFA4     end_of_initialization FF86            _Delay_One_Sec FFA4  
         ?_Delay_One_Sec 0001                _Flash_LED FFC8      start_initialization FF86  
       __CFG_OSC$INTIO67 000000               ?_Flash_LED 0001          ??_Delay_One_Sec 0001  
            ??_Flash_LED 0003                 __Hrparam 0000                 __Lrparam 0000  
          __size_of_main 0018              Flash_LED@D1 0004              Flash_LED@D2 0003  
  __end_of_Delay_One_Sec FFC8  
