

Microchip Technology PIC18 LITE Macro Assembler V1.34 build -361300703 
                                                                                               Sun Sep 12 23:54:36 2021

Microchip Technology Omniscient Code Generator (Lite mode) build 201502162209
     1                           	processor	18F4620
     2                           	fnconf	rparam,??,?,0
     3                           	opt	pw 120
     4                           	opt	lm
     5                           	psect	idataCOMRAM,global,class=CODE,delta=1
     6                           	psect	cinit,global,reloc=2,class=CODE,delta=1
     7                           	psect	dataCOMRAM,global,class=COMRAM,space=1,delta=1
     8                           	psect	cstackCOMRAM,global,class=COMRAM,space=1,delta=1
     9                           	psect	text0,global,reloc=2,class=CODE,delta=1
    10                           	psect	text1,global,reloc=2,class=CODE,delta=1
    11                           	psect	text2,global,reloc=2,class=CODE,delta=1
    12                           	psect	intsave_regs,global,class=BIGRAM,space=1,delta=1
    13                           	psect	rparam,global,class=COMRAM,space=1,delta=1
    14  0000                     
    15                           	psect	idataCOMRAM
    16  00FF4E                     __pidataCOMRAM:
    17                           	opt stack 0
    18                           
    19                           ;initializer for Flash_LED@F4271
    20  00FF4E  00A6               	dw	166
    21  00FF50  0023               	dw	35
    22  00FF52  0005               	dw	5
    23  00FF54  0082               	dw	130
    24  00FF56  00C0               	dw	192
    25  00FF58  0067               	dw	103
    26  00FF5A  0041               	dw	65
    27  00FF5C  00E4               	dw	228
    28  0000                     _ADCON1	set	4033
    29  0000                     _LATC	set	3979
    30  0000                     _LATD	set	3980
    31  0000                     _TRISC	set	3988
    32  0000                     _TRISD	set	3989
    33                           
    34                           ; #config settings
    35  0000                     
    36                           	psect	cinit
    37  00FF9A                     __pcinit:
    38                           	opt stack 0
    39  00FF9A                     start_initialization:
    40                           	opt stack 0
    41  00FF9A                     __initialization:
    42                           	opt stack 0
    43                           
    44                           ; Initialize objects allocated to COMRAM (16 bytes)
    45                           ; load TBLPTR registers with __pidataCOMRAM
    46  00FF9A  0E4E               	movlw	low __pidataCOMRAM
    47  00FF9C  6EF6               	movwf	tblptrl,c
    48  00FF9E  0EFF               	movlw	high __pidataCOMRAM
    49  00FFA0  6EF7               	movwf	tblptrh,c
    50  00FFA2  0E00               	movlw	low (__pidataCOMRAM shr (0+16))
    51  00FFA4  6EF8               	movwf	tblptru,c
    52  00FFA6  EE00  F014         	lfsr	0,__pdataCOMRAM
    53  00FFAA  EE10 F010          	lfsr	1,16
    54  00FFAE                     copy_data0:
    55  00FFAE  0009               	tblrd		*+
    56  00FFB0  CFF5 FFEE          	movff	tablat,postinc0
    57  00FFB4  50E5               	movf	postdec1,w,c
    58  00FFB6  50E1               	movf	fsr1l,w,c
    59  00FFB8  E1FA               	bnz	copy_data0
    60  00FFBA                     end_of_initialization:
    61                           	opt stack 0
    62  00FFBA                     __end_of__initialization:
    63                           	opt stack 0
    64  00FFBA  0100               	movlb	0
    65  00FFBC  EFAF  F07F         	goto	_main	;jump to C main() function
    66                           tblptru	equ	0xFF8
    67                           tblptrh	equ	0xFF7
    68                           tblptrl	equ	0xFF6
    69                           tablat	equ	0xFF5
    70                           postinc0	equ	0xFEE
    71                           postdec1	equ	0xFE5
    72                           fsr1l	equ	0xFE1
    73                           
    74                           	psect	dataCOMRAM
    75  000014                     __pdataCOMRAM:
    76                           	opt stack 0
    77  000014                     Flash_LED@F4271:
    78                           	opt stack 0
    79  000014                     	ds	16
    80                           tblptru	equ	0xFF8
    81                           tblptrh	equ	0xFF7
    82                           tblptrl	equ	0xFF6
    83                           tablat	equ	0xFF5
    84                           postinc0	equ	0xFEE
    85                           postdec1	equ	0xFE5
    86                           fsr1l	equ	0xFE1
    87                           
    88                           	psect	cstackCOMRAM
    89  000001                     __pcstackCOMRAM:
    90                           	opt stack 0
    91  000001                     Delay_One_Sec@I:
    92                           	opt stack 0
    93                           
    94                           ; 2 bytes @ 0x0
    95  000001                     	ds	2
    96  000003                     Flash_LED@D:
    97                           	opt stack 0
    98                           
    99                           ; 16 bytes @ 0x2
   100  000003                     	ds	16
   101  000013                     Flash_LED@i:
   102                           	opt stack 0
   103                           
   104                           ; 1 bytes @ 0x12
   105  000013                     	ds	1
   106  000014                     tblptru	equ	0xFF8
   107                           tblptrh	equ	0xFF7
   108                           tblptrl	equ	0xFF6
   109                           tablat	equ	0xFF5
   110                           postinc0	equ	0xFEE
   111                           postdec1	equ	0xFE5
   112                           fsr1l	equ	0xFE1
   113                           
   114                           ; 0 bytes @ 0x13
   115 ;;
   116 ;;Main: autosize = 0, tempsize = 0, incstack = 0, save=0
   117 ;;
   118 ;; *************** function _main *****************
   119 ;; Defined at:
   120 ;;		line 15 in file "Lab2p5.c"
   121 ;; Parameters:    Size  Location     Type
   122 ;;		None
   123 ;; Auto vars:     Size  Location     Type
   124 ;;		None
   125 ;; Return value:  Size  Location     Type
   126 ;;		None               void
   127 ;; Registers used:
   128 ;;		wreg, fsr1l, fsr1h, fsr2l, fsr2h, status,2, status,0, prodl, prodh, cstack
   129 ;; Tracked objects:
   130 ;;		On entry : 0/0
   131 ;;		On exit  : 0/0
   132 ;;		Unchanged: 0/0
   133 ;; Data sizes:     COMRAM   BANK0   BANK1   BANK2   BANK3   BANK4   BANK5   BANK6   BANK7   BANK8   BANK9  BANK10  BANK1
      +1  BANK12  BANK13  BANK14  BANK15
   134 ;;      Params:         0       0       0       0       0       0       0       0       0       0       0       0       
      +0       0       0       0       0
   135 ;;      Locals:         0       0       0       0       0       0       0       0       0       0       0       0       
      +0       0       0       0       0
   136 ;;      Temps:          0       0       0       0       0       0       0       0       0       0       0       0       
      +0       0       0       0       0
   137 ;;      Totals:         0       0       0       0       0       0       0       0       0       0       0       0       
      +0       0       0       0       0
   138 ;;Total ram usage:        0 bytes
   139 ;; Hardware stack levels required when called:    2
   140 ;; This function calls:
   141 ;;		_Flash_LED
   142 ;; This function is called by:
   143 ;;		Startup code after reset
   144 ;; This function uses a non-reentrant model
   145 ;;
   146                           
   147                           	psect	text0
   148  00FF5E                     __ptext0:
   149                           	opt stack 0
   150  00FF5E                     _main:
   151                           	opt stack 29
   152                           
   153                           ;incstack = 0
   154  00FF5E  0E0F               	movlw	15
   155  00FF60  6EC1               	movwf	4033,c	;volatile
   156                           
   157                           ;Lab2p5.c: 17: TRISC = 0x00;
   158  00FF62  0E00               	movlw	0
   159  00FF64  6E94               	movwf	3988,c	;volatile
   160                           
   161                           ;Lab2p5.c: 18: TRISD = 0x00;
   162  00FF66  0E00               	movlw	0
   163  00FF68  6E95               	movwf	3989,c	;volatile
   164  00FF6A  D000               	goto	l642
   165  00FF6C                     l642:
   166                           
   167                           ;Lab2p5.c: 20: {
   168                           ;Lab2p5.c: 21: Flash_LED();
   169  00FF6C  ECE0  F07F         	call	_Flash_LED	;wreg free
   170  00FF70  D7FD               	goto	l642
   171  00FF72  EF00  F000         	goto	start
   172  00FF76                     __end_of_main:
   173                           	opt stack 0
   174                           tblptru	equ	0xFF8
   175                           tblptrh	equ	0xFF7
   176                           tblptrl	equ	0xFF6
   177                           tablat	equ	0xFF5
   178                           postinc0	equ	0xFEE
   179                           postdec1	equ	0xFE5
   180                           fsr1l	equ	0xFE1
   181                           
   182 ;; *************** function _Flash_LED *****************
   183 ;; Defined at:
   184 ;;		line 25 in file "Lab2p5.c"
   185 ;; Parameters:    Size  Location     Type
   186 ;;		None
   187 ;; Auto vars:     Size  Location     Type
   188 ;;  i               1   18[COMRAM] unsigned char 
   189 ;;  D              16    2[COMRAM] unsigned int [8]
   190 ;; Return value:  Size  Location     Type
   191 ;;		None               void
   192 ;; Registers used:
   193 ;;		wreg, fsr1l, fsr1h, fsr2l, fsr2h, status,2, status,0, prodl, prodh, cstack
   194 ;; Tracked objects:
   195 ;;		On entry : 0/0
   196 ;;		On exit  : 0/0
   197 ;;		Unchanged: 0/0
   198 ;; Data sizes:     COMRAM   BANK0   BANK1   BANK2   BANK3   BANK4   BANK5   BANK6   BANK7   BANK8   BANK9  BANK10  BANK1
      +1  BANK12  BANK13  BANK14  BANK15
   199 ;;      Params:         0       0       0       0       0       0       0       0       0       0       0       0       
      +0       0       0       0       0
   200 ;;      Locals:        17       0       0       0       0       0       0       0       0       0       0       0       
      +0       0       0       0       0
   201 ;;      Temps:          0       0       0       0       0       0       0       0       0       0       0       0       
      +0       0       0       0       0
   202 ;;      Totals:        17       0       0       0       0       0       0       0       0       0       0       0       
      +0       0       0       0       0
   203 ;;Total ram usage:       17 bytes
   204 ;; Hardware stack levels used:    1
   205 ;; Hardware stack levels required when called:    1
   206 ;; This function calls:
   207 ;;		_Delay_One_Sec
   208 ;; This function is called by:
   209 ;;		_main
   210 ;; This function uses a non-reentrant model
   211 ;;
   212                           
   213                           	psect	text1
   214  00FFC0                     __ptext1:
   215                           	opt stack 0
   216  00FFC0                     _Flash_LED:
   217                           	opt stack 29
   218                           
   219                           ;Lab2p5.c: 28: unsigned int D[] = {0xA6, 0x23, 0x05, 0x82, 0xC0, 0x67, 0x41, 0xE4};
   220                           
   221                           ;incstack = 0
   222  00FFC0  EE20  F014         	lfsr	2,Flash_LED@F4271
   223  00FFC4  EE10  F003         	lfsr	1,Flash_LED@D
   224  00FFC8  0E0F               	movlw	15
   225  00FFCA                     u31:
   226  00FFCA  CFDB FFE3          	movff	plusw2,plusw1
   227  00FFCE  06E8               	decf	wreg,f,c
   228  00FFD0  E2FC               	bc	u31
   229                           
   230                           ;Lab2p5.c: 30: for (char i = 0; i < 8; i++)
   231  00FFD2  0E00               	movlw	0
   232  00FFD4  6E13               	movwf	Flash_LED@i,c
   233  00FFD6                     l628:
   234  00FFD6  0E07               	movlw	7
   235  00FFD8  6413               	cpfsgt	Flash_LED@i,c
   236  00FFDA  D001               	goto	l25
   237  00FFDC  D010               	goto	l27
   238  00FFDE                     l25:
   239                           
   240                           ;Lab2p5.c: 31: {
   241                           ;Lab2p5.c: 32: LATC = i;
   242  00FFDE  C013  FF8B         	movff	Flash_LED@i,3979	;volatile
   243                           
   244                           ;Lab2p5.c: 33: LATD = D[i];
   245  00FFE2  5013               	movf	Flash_LED@i,w,c
   246  00FFE4  0D02               	mullw	2
   247  00FFE6  0E03               	movlw	low Flash_LED@D
   248  00FFE8  24F3               	addwf	prodl,w,c
   249  00FFEA  6ED9               	movwf	fsr2l,c
   250  00FFEC  0E00               	movlw	high Flash_LED@D
   251  00FFEE  20F4               	addwfc	prodh,w,c
   252  00FFF0  6EDA               	movwf	fsr2h,c
   253  00FFF2  50DF               	movf	indf2,w,c
   254  00FFF4  6E8C               	movwf	3980,c	;volatile
   255                           
   256                           ;Lab2p5.c: 35: Delay_One_Sec();
   257  00FFF6  ECBB  F07F         	call	_Delay_One_Sec	;wreg free
   258  00FFFA  2A13               	incf	Flash_LED@i,f,c
   259  00FFFC  D7EC               	goto	l628
   260  00FFFE                     l27:
   261  00FFFE  0012               	return		;funcret
   262  010000                     __end_of_Flash_LED:
   263                           	opt stack 0
   264                           tblptru	equ	0xFF8
   265                           tblptrh	equ	0xFF7
   266                           tblptrl	equ	0xFF6
   267                           tablat	equ	0xFF5
   268                           prodh	equ	0xFF4
   269                           prodl	equ	0xFF3
   270                           postinc0	equ	0xFEE
   271                           wreg	equ	0xFE8
   272                           postdec1	equ	0xFE5
   273                           plusw1	equ	0xFE3
   274                           fsr1l	equ	0xFE1
   275                           indf2	equ	0xFDF
   276                           plusw2	equ	0xFDB
   277                           fsr2h	equ	0xFDA
   278                           fsr2l	equ	0xFD9
   279                           
   280 ;; *************** function _Delay_One_Sec *****************
   281 ;; Defined at:
   282 ;;		line 39 in file "Lab2p5.c"
   283 ;; Parameters:    Size  Location     Type
   284 ;;		None
   285 ;; Auto vars:     Size  Location     Type
   286 ;;  I               2    0[COMRAM] int 
   287 ;; Return value:  Size  Location     Type
   288 ;;		None               void
   289 ;; Registers used:
   290 ;;		wreg, status,2, status,0
   291 ;; Tracked objects:
   292 ;;		On entry : 0/0
   293 ;;		On exit  : 0/0
   294 ;;		Unchanged: 0/0
   295 ;; Data sizes:     COMRAM   BANK0   BANK1   BANK2   BANK3   BANK4   BANK5   BANK6   BANK7   BANK8   BANK9  BANK10  BANK1
      +1  BANK12  BANK13  BANK14  BANK15
   296 ;;      Params:         0       0       0       0       0       0       0       0       0       0       0       0       
      +0       0       0       0       0
   297 ;;      Locals:         2       0       0       0       0       0       0       0       0       0       0       0       
      +0       0       0       0       0
   298 ;;      Temps:          0       0       0       0       0       0       0       0       0       0       0       0       
      +0       0       0       0       0
   299 ;;      Totals:         2       0       0       0       0       0       0       0       0       0       0       0       
      +0       0       0       0       0
   300 ;;Total ram usage:        2 bytes
   301 ;; Hardware stack levels used:    1
   302 ;; This function calls:
   303 ;;		Nothing
   304 ;; This function is called by:
   305 ;;		_Flash_LED
   306 ;; This function uses a non-reentrant model
   307 ;;
   308                           
   309                           	psect	text2
   310  00FF76                     __ptext2:
   311                           	opt stack 0
   312  00FF76                     _Delay_One_Sec:
   313                           	opt stack 29
   314                           
   315                           ;Lab2p5.c: 41: for (int I = 0; I < 17000; I++);
   316                           
   317                           ;incstack = 0
   318  00FF76  0E00               	movlw	0
   319  00FF78  6E02               	movwf	Delay_One_Sec@I+1,c
   320  00FF7A  0E00               	movlw	0
   321  00FF7C  6E01               	movwf	Delay_One_Sec@I,c
   322  00FF7E                     l616:
   323  00FF7E  BE02               	btfsc	Delay_One_Sec@I+1,7,c
   324  00FF80  D008               	goto	l620
   325  00FF82  0E68               	movlw	104
   326  00FF84  5C01               	subwf	Delay_One_Sec@I,w,c
   327  00FF86  0E42               	movlw	66
   328  00FF88  5802               	subwfb	Delay_One_Sec@I+1,w,c
   329  00FF8A  B0D8               	btfsc	status,0,c
   330  00FF8C  D005               	goto	l32
   331  00FF8E  D001               	goto	l620
   332  00FF90  D003               	goto	l32
   333  00FF92                     l620:
   334  00FF92  4A01               	infsnz	Delay_One_Sec@I,f,c
   335  00FF94  2A02               	incf	Delay_One_Sec@I+1,f,c
   336  00FF96  D7F3               	goto	l616
   337  00FF98                     l32:
   338  00FF98  0012               	return		;funcret
   339  00FF9A                     __end_of_Delay_One_Sec:
   340                           	opt stack 0
   341  0000                     tblptru	equ	0xFF8
   342                           tblptrh	equ	0xFF7
   343                           tblptrl	equ	0xFF6
   344                           tablat	equ	0xFF5
   345                           prodh	equ	0xFF4
   346                           prodl	equ	0xFF3
   347                           postinc0	equ	0xFEE
   348                           wreg	equ	0xFE8
   349                           postdec1	equ	0xFE5
   350                           plusw1	equ	0xFE3
   351                           fsr1l	equ	0xFE1
   352                           indf2	equ	0xFDF
   353                           plusw2	equ	0xFDB
   354                           fsr2h	equ	0xFDA
   355                           fsr2l	equ	0xFD9
   356                           status	equ	0xFD8
   357                           tblptru	equ	0xFF8
   358                           tblptrh	equ	0xFF7
   359                           tblptrl	equ	0xFF6
   360                           tablat	equ	0xFF5
   361                           prodh	equ	0xFF4
   362                           prodl	equ	0xFF3
   363                           postinc0	equ	0xFEE
   364                           wreg	equ	0xFE8
   365                           postdec1	equ	0xFE5
   366                           plusw1	equ	0xFE3
   367                           fsr1l	equ	0xFE1
   368                           indf2	equ	0xFDF
   369                           plusw2	equ	0xFDB
   370                           fsr2h	equ	0xFDA
   371                           fsr2l	equ	0xFD9
   372                           status	equ	0xFD8
   373                           
   374                           	psect	rparam
   375  0000                     tblptru	equ	0xFF8
   376                           tblptrh	equ	0xFF7
   377                           tblptrl	equ	0xFF6
   378                           tablat	equ	0xFF5
   379                           prodh	equ	0xFF4
   380                           prodl	equ	0xFF3
   381                           postinc0	equ	0xFEE
   382                           wreg	equ	0xFE8
   383                           postdec1	equ	0xFE5
   384                           plusw1	equ	0xFE3
   385                           fsr1l	equ	0xFE1
   386                           indf2	equ	0xFDF
   387                           plusw2	equ	0xFDB
   388                           fsr2h	equ	0xFDA
   389                           fsr2l	equ	0xFD9
   390                           status	equ	0xFD8


Data Sizes:
    Strings     0
    Constant    0
    Data        16
    BSS         0
    Persistent  0
    Stack       0

Auto Spaces:
    Space          Size  Autos    Used
    COMRAM          127     19      35
    BANK0           128      0       0
    BANK1           256      0       0
    BANK2           256      0       0
    BANK3           256      0       0
    BANK4           256      0       0
    BANK5           256      0       0
    BANK6           256      0       0
    BANK7           256      0       0
    BANK8           256      0       0
    BANK9           256      0       0
    BANK10          256      0       0
    BANK11          256      0       0
    BANK12          256      0       0
    BANK13          256      0       0
    BANK14          256      0       0
    BANK15          128      0       0

Pointer List with Targets:

    None.

Critical Paths under _main in COMRAM

    _main->_Flash_LED
    _Flash_LED->_Delay_One_Sec

Critical Paths under _main in BANK0

    None.

Critical Paths under _main in BANK1

    None.

Critical Paths under _main in BANK2

    None.

Critical Paths under _main in BANK3

    None.

Critical Paths under _main in BANK4

    None.

Critical Paths under _main in BANK5

    None.

Critical Paths under _main in BANK6

    None.

Critical Paths under _main in BANK7

    None.

Critical Paths under _main in BANK8

    None.

Critical Paths under _main in BANK9

    None.

Critical Paths under _main in BANK10

    None.

Critical Paths under _main in BANK11

    None.

Critical Paths under _main in BANK12

    None.

Critical Paths under _main in BANK13

    None.

Critical Paths under _main in BANK14

    None.

Critical Paths under _main in BANK15

    None.

Call Graph Tables:

 ---------------------------------------------------------------------------------
 (Depth) Function   	        Calls       Base Space   Used Autos Params    Refs
 ---------------------------------------------------------------------------------
 (0) _main                                                 0     0      0     105
                          _Flash_LED
 ---------------------------------------------------------------------------------
 (1) _Flash_LED                                           17    17      0     105
                                              2 COMRAM    17    17      0
                      _Delay_One_Sec
 ---------------------------------------------------------------------------------
 (2) _Delay_One_Sec                                        2     2      0      30
                                              0 COMRAM     2     2      0
 ---------------------------------------------------------------------------------
 Estimated maximum stack depth 2
 ---------------------------------------------------------------------------------

 Call Graph Graphs:

 _main (ROOT)
   _Flash_LED
     _Delay_One_Sec

 Address spaces:
Name               Size   Autos  Total    Cost      Usage
BIGRAM             F7F      0       0      37        0.0%
EEDATA             400      0       0       0        0.0%
BITBANK14          100      0       0      32        0.0%
BANK14             100      0       0      33        0.0%
BITBANK13          100      0       0      30        0.0%
BANK13             100      0       0      31        0.0%
BITBANK12          100      0       0      28        0.0%
BANK12             100      0       0      29        0.0%
BITBANK11          100      0       0      26        0.0%
BANK11             100      0       0      27        0.0%
BITBANK10          100      0       0      24        0.0%
BANK10             100      0       0      25        0.0%
BITBANK9           100      0       0      22        0.0%
BANK9              100      0       0      23        0.0%
BITBANK8           100      0       0      20        0.0%
BANK8              100      0       0      21        0.0%
BITBANK7           100      0       0      18        0.0%
BANK7              100      0       0      19        0.0%
BITBANK6           100      0       0      16        0.0%
BANK6              100      0       0      17        0.0%
BITBANK5           100      0       0      14        0.0%
BANK5              100      0       0      15        0.0%
BITBANK4           100      0       0      12        0.0%
BANK4              100      0       0      13        0.0%
BITBANK3           100      0       0      10        0.0%
BANK3              100      0       0      11        0.0%
BITBANK2           100      0       0       8        0.0%
BANK2              100      0       0       9        0.0%
BITBANK1           100      0       0       6        0.0%
BANK1              100      0       0       7        0.0%
BITBANK15           80      0       0      35        0.0%
BANK15              80      0       0      36        0.0%
BITBANK0            80      0       0       4        0.0%
BANK0               80      0       0       5        0.0%
BITCOMRAM           7F      0       0       0        0.0%
COMRAM              7F     13      23       1       27.6%
BITSFR               0      0       0      40        0.0%
SFR                  0      0       0      40        0.0%
STACK                0      0       0       2        0.0%
NULL                 0      0       0       0        0.0%
ABS                  0      0      23      34        0.0%
DATA                 0      0      23       3        0.0%
CODE                 0      0       0       0        0.0%


Microchip Technology PIC18 Macro Assembler V1.34 build -361300703 
Symbol Table                                                                                   Sun Sep 12 23:54:36 2021

                     l32 FF98                       l25 FFDE                       l27 FFFE  
                     u31 FFCA                      l620 FF92                      l616 FF7E  
                    l642 FF6C                      l628 FFD6                      prod 000FF3  
                    wreg 000FE8             __CFG_LVP$OFF 000000             __CFG_WDT$OFF 000000  
                   _LATC 000F8B                     _LATD 000F8C                     _main FF5E  
                   fsr1l 000FE1                     indf2 000FDF                     fsr2l 000FD9  
                   prodl 000FF3                     start 0000             ___param_bank 000010  
                  ?_main 0001                    _TRISC 000F94                    _TRISD 000F95  
         __CFG_BOREN$OFF 000000                    tablat 000FF5                    plusw1 000FE3  
                  plusw2 000FDB                    status 000FD8          __initialization FF9A  
           __end_of_main FF76                   ??_main 0014            __activetblptr 000000  
     __size_of_Flash_LED 0040                   _ADCON1 000FC1           Flash_LED@F4271 0014  
           __pdataCOMRAM 0014                   tblptrh 000FF7                   tblptrl 000FF6  
                 tblptru 000FF8               __accesstop 0080  __end_of__initialization FFBA  
          ___rparam_used 000001        __end_of_Flash_LED 0000           __pcstackCOMRAM 0001  
         Delay_One_Sec@I 0001       __CFG_CCP2MX$PORTBE 000000   __size_of_Delay_One_Sec 0024  
                __Hparam 0000                  __Lparam 0000                  __pcinit FF9A  
                __ramtop 1000                  __ptext0 FF5E                  __ptext1 FFC0  
                __ptext2 FF76     end_of_initialization FFBA            _Delay_One_Sec FF76  
                postdec1 000FE5                  postinc0 000FEE           ?_Delay_One_Sec 0001  
              _Flash_LED FFC0            __pidataCOMRAM FF4E      start_initialization FF9A  
       __CFG_OSC$INTIO67 000000               ?_Flash_LED 0001          ??_Delay_One_Sec 0001  
            ??_Flash_LED 0003                copy_data0 FFAE                 __Hrparam 0000  
               __Lrparam 0000            __size_of_main 0018               Flash_LED@D 0003  
             Flash_LED@i 0013    __end_of_Delay_One_Sec FF9A  
