

Microchip Technology PIC18 LITE Macro Assembler V1.34 build -361300703 
                                                                                               Sun Sep 12 15:19:04 2021

Microchip Technology Omniscient Code Generator (Lite mode) build 201502162209
     1                           	processor	18F4620
     2                           	fnconf	rparam,??,?,0
     3                           	opt	pw 120
     4                           	opt	lm
     5                           	psect	text0,global,reloc=2,class=CODE,delta=1
     6                           	psect	cinit,global,reloc=2,class=CODE,delta=1
     7                           	psect	cstackCOMRAM,global,class=COMRAM,space=1,delta=1
     8                           	psect	text1,global,reloc=2,class=CODE,delta=1
     9                           	psect	intsave_regs,global,class=BIGRAM,space=1,delta=1
    10                           	psect	rparam,global,class=COMRAM,space=1,delta=1
    11  0000                     _ADCON1	set	4033
    12  0000                     _PORTC	set	3970
    13  0000                     _TRISC	set	3988
    14                           
    15 ;;
    16 ;;Main: autosize = 0, tempsize = 0, incstack = 0, save=0
    17 ;;
    18 ;; *************** function _main *****************
    19 ;; Defined at:
    20 ;;		line 14 in file "Lab2p3.c"
    21 ;; Parameters:    Size  Location     Type
    22 ;;		None
    23 ;; Auto vars:     Size  Location     Type
    24 ;;  i               2    2[COMRAM] int 
    25 ;; Return value:  Size  Location     Type
    26 ;;		None               void
    27 ;; Registers used:
    28 ;;		wreg, status,2, status,0, cstack
    29 ;; Tracked objects:
    30 ;;		On entry : 0/0
    31 ;;		On exit  : 0/0
    32 ;;		Unchanged: 0/0
    33 ;; Data sizes:     COMRAM   BANK0   BANK1   BANK2   BANK3   BANK4   BANK5   BANK6   BANK7   BANK8   BANK9  BANK10  BANK1
      +1  BANK12  BANK13  BANK14  BANK15
    34 ;;      Params:         0       0       0       0       0       0       0       0       0       0       0       0       
      +0       0       0       0       0
    35 ;;      Locals:         2       0       0       0       0       0       0       0       0       0       0       0       
      +0       0       0       0       0
    36 ;;      Temps:          0       0       0       0       0       0       0       0       0       0       0       0       
      +0       0       0       0       0
    37 ;;      Totals:         2       0       0       0       0       0       0       0       0       0       0       0       
      +0       0       0       0       0
    38 ;;Total ram usage:        2 bytes
    39 ;; Hardware stack levels required when called:    1
    40 ;; This function calls:
    41 ;;		_Delay_One_Sec
    42 ;; This function is called by:
    43 ;;		Startup code after reset
    44 ;; This function uses a non-reentrant model
    45 ;;
    46                           
    47                           	psect	text0
    48  00FFC4                     __ptext0:
    49                           	opt stack 0
    50  00FFC4                     _main:
    51                           	opt stack 30
    52                           
    53                           ;Lab2p3.c: 17: TRISC = 0x00;
    54                           
    55                           ;incstack = 0
    56  00FFC4  0E00               	movlw	0
    57  00FFC6  6E94               	movwf	3988,c	;volatile
    58                           
    59                           ;Lab2p3.c: 18: ADCON1 = 0x0F;
    60  00FFC8  0E0F               	movlw	15
    61  00FFCA  6EC1               	movwf	4033,c	;volatile
    62  00FFCC                     l11:
    63                           
    64                           ;Lab2p3.c: 21: {
    65                           ;Lab2p3.c: 22: for (int i = 0; i < 8; i++)
    66  00FFCC  0E00               	movlw	0
    67  00FFCE  6E04               	movwf	main@i+1,c
    68  00FFD0  0E00               	movlw	0
    69  00FFD2  6E03               	movwf	main@i,c
    70  00FFD4                     l615:
    71  00FFD4  BE04               	btfsc	main@i+1,7,c
    72  00FFD6  D008               	goto	l12
    73  00FFD8  5004               	movf	main@i+1,w,c
    74  00FFDA  E1F8               	bnz	l11
    75  00FFDC  0E08               	movlw	8
    76  00FFDE  5C03               	subwf	main@i,w,c
    77  00FFE0  B0D8               	btfsc	status,0,c
    78  00FFE2  D7F4               	goto	l11
    79  00FFE4  D001               	goto	l12
    80  00FFE6  D7F2               	goto	l11
    81  00FFE8                     l12:
    82                           
    83                           ;Lab2p3.c: 23: {
    84                           ;Lab2p3.c: 24: PORTC = i;
    85  00FFE8  C003  FF82         	movff	main@i,3970	;volatile
    86                           
    87                           ;Lab2p3.c: 28: Delay_One_Sec();
    88  00FFEC  ECD0  F07F         	call	_Delay_One_Sec	;wreg free
    89                           
    90                           ;Lab2p3.c: 29: Delay_One_Sec();
    91  00FFF0  ECD0  F07F         	call	_Delay_One_Sec	;wreg free
    92  00FFF4  4A03               	infsnz	main@i,f,c
    93  00FFF6  2A04               	incf	main@i+1,f,c
    94  00FFF8  D7ED               	goto	l615
    95  00FFFA  D7E8               	goto	l11
    96  00FFFC  EF00  F000         	goto	start
    97  010000                     __end_of_main:
    98                           	opt stack 0
    99                           status	equ	0xFD8
   100                           
   101                           	psect	cinit
   102  00FF9A                     __pcinit:
   103                           	opt stack 0
   104  00FF9A                     start_initialization:
   105                           	opt stack 0
   106  00FF9A                     __initialization:
   107                           	opt stack 0
   108  00FF9A                     end_of_initialization:
   109                           	opt stack 0
   110  00FF9A                     __end_of__initialization:
   111                           	opt stack 0
   112  00FF9A  0100               	movlb	0
   113  00FF9C  EFE2  F07F         	goto	_main	;jump to C main() function
   114                           status	equ	0xFD8
   115                           
   116                           	psect	cstackCOMRAM
   117  000001                     __pcstackCOMRAM:
   118                           	opt stack 0
   119  000001                     Delay_One_Sec@I:
   120                           	opt stack 0
   121                           
   122                           ; 2 bytes @ 0x0
   123  000001                     	ds	2
   124  000003                     main@i:
   125                           	opt stack 0
   126                           
   127                           ; 2 bytes @ 0x2
   128  000003                     	ds	2
   129                           status	equ	0xFD8
   130                           
   131 ;; *************** function _Delay_One_Sec *****************
   132 ;; Defined at:
   133 ;;		line 34 in file "Lab2p3.c"
   134 ;; Parameters:    Size  Location     Type
   135 ;;		None
   136 ;; Auto vars:     Size  Location     Type
   137 ;;  I               2    0[COMRAM] int 
   138 ;; Return value:  Size  Location     Type
   139 ;;		None               void
   140 ;; Registers used:
   141 ;;		wreg, status,2, status,0
   142 ;; Tracked objects:
   143 ;;		On entry : 0/0
   144 ;;		On exit  : 0/0
   145 ;;		Unchanged: 0/0
   146 ;; Data sizes:     COMRAM   BANK0   BANK1   BANK2   BANK3   BANK4   BANK5   BANK6   BANK7   BANK8   BANK9  BANK10  BANK1
      +1  BANK12  BANK13  BANK14  BANK15
   147 ;;      Params:         0       0       0       0       0       0       0       0       0       0       0       0       
      +0       0       0       0       0
   148 ;;      Locals:         2       0       0       0       0       0       0       0       0       0       0       0       
      +0       0       0       0       0
   149 ;;      Temps:          0       0       0       0       0       0       0       0       0       0       0       0       
      +0       0       0       0       0
   150 ;;      Totals:         2       0       0       0       0       0       0       0       0       0       0       0       
      +0       0       0       0       0
   151 ;;Total ram usage:        2 bytes
   152 ;; Hardware stack levels used:    1
   153 ;; This function calls:
   154 ;;		Nothing
   155 ;; This function is called by:
   156 ;;		_main
   157 ;; This function uses a non-reentrant model
   158 ;;
   159                           
   160                           	psect	text1
   161  00FFA0                     __ptext1:
   162                           	opt stack 0
   163  00FFA0                     _Delay_One_Sec:
   164                           	opt stack 30
   165                           
   166                           ;Lab2p3.c: 36: for (int I = 0; I < 17000; I++);
   167                           
   168                           ;incstack = 0
   169  00FFA0  0E00               	movlw	0
   170  00FFA2  6E02               	movwf	Delay_One_Sec@I+1,c
   171  00FFA4  0E00               	movlw	0
   172  00FFA6  6E01               	movwf	Delay_One_Sec@I,c
   173  00FFA8                     l605:
   174  00FFA8  BE02               	btfsc	Delay_One_Sec@I+1,7,c
   175  00FFAA  D008               	goto	l609
   176  00FFAC  0E68               	movlw	104
   177  00FFAE  5C01               	subwf	Delay_One_Sec@I,w,c
   178  00FFB0  0E42               	movlw	66
   179  00FFB2  5802               	subwfb	Delay_One_Sec@I+1,w,c
   180  00FFB4  B0D8               	btfsc	status,0,c
   181  00FFB6  D005               	goto	l21
   182  00FFB8  D001               	goto	l609
   183  00FFBA  D003               	goto	l21
   184  00FFBC                     l609:
   185  00FFBC  4A01               	infsnz	Delay_One_Sec@I,f,c
   186  00FFBE  2A02               	incf	Delay_One_Sec@I+1,f,c
   187  00FFC0  D7F3               	goto	l605
   188  00FFC2                     l21:
   189  00FFC2  0012               	return		;funcret
   190  00FFC4                     __end_of_Delay_One_Sec:
   191                           	opt stack 0
   192  0000                     status	equ	0xFD8
   193                           status	equ	0xFD8
   194                           
   195                           	psect	rparam
   196  0000                     status	equ	0xFD8


Data Sizes:
    Strings     0
    Constant    0
    Data        0
    BSS         0
    Persistent  0
    Stack       0

Auto Spaces:
    Space          Size  Autos    Used
    COMRAM          127      4       4
    BANK0           128      0       0
    BANK1           256      0       0
    BANK2           256      0       0
    BANK3           256      0       0
    BANK4           256      0       0
    BANK5           256      0       0
    BANK6           256      0       0
    BANK7           256      0       0
    BANK8           256      0       0
    BANK9           256      0       0
    BANK10          256      0       0
    BANK11          256      0       0
    BANK12          256      0       0
    BANK13          256      0       0
    BANK14          256      0       0
    BANK15          128      0       0

Pointer List with Targets:

    None.

Critical Paths under _main in COMRAM

    _main->_Delay_One_Sec

Critical Paths under _main in BANK0

    None.

Critical Paths under _main in BANK1

    None.

Critical Paths under _main in BANK2

    None.

Critical Paths under _main in BANK3

    None.

Critical Paths under _main in BANK4

    None.

Critical Paths under _main in BANK5

    None.

Critical Paths under _main in BANK6

    None.

Critical Paths under _main in BANK7

    None.

Critical Paths under _main in BANK8

    None.

Critical Paths under _main in BANK9

    None.

Critical Paths under _main in BANK10

    None.

Critical Paths under _main in BANK11

    None.

Critical Paths under _main in BANK12

    None.

Critical Paths under _main in BANK13

    None.

Critical Paths under _main in BANK14

    None.

Critical Paths under _main in BANK15

    None.

Call Graph Tables:

 ---------------------------------------------------------------------------------
 (Depth) Function   	        Calls       Base Space   Used Autos Params    Refs
 ---------------------------------------------------------------------------------
 (0) _main                                                 2     2      0      75
                                              2 COMRAM     2     2      0
                      _Delay_One_Sec
 ---------------------------------------------------------------------------------
 (1) _Delay_One_Sec                                        2     2      0      30
                                              0 COMRAM     2     2      0
 ---------------------------------------------------------------------------------
 Estimated maximum stack depth 1
 ---------------------------------------------------------------------------------

 Call Graph Graphs:

 _main (ROOT)
   _Delay_One_Sec

 Address spaces:
Name               Size   Autos  Total    Cost      Usage
BITCOMRAM           7F      0       0       0        0.0%
EEDATA             400      0       0       0        0.0%
NULL                 0      0       0       0        0.0%
CODE                 0      0       0       0        0.0%
COMRAM              7F      4       4       1        3.1%
STACK                0      0       0       2        0.0%
DATA                 0      0       0       3        0.0%
BITBANK0            80      0       0       4        0.0%
BANK0               80      0       0       5        0.0%
BITBANK1           100      0       0       6        0.0%
BANK1              100      0       0       7        0.0%
BITBANK2           100      0       0       8        0.0%
BANK2              100      0       0       9        0.0%
BITBANK3           100      0       0      10        0.0%
BANK3              100      0       0      11        0.0%
BITBANK4           100      0       0      12        0.0%
BANK4              100      0       0      13        0.0%
BITBANK5           100      0       0      14        0.0%
BANK5              100      0       0      15        0.0%
BITBANK6           100      0       0      16        0.0%
BANK6              100      0       0      17        0.0%
BITBANK7           100      0       0      18        0.0%
BANK7              100      0       0      19        0.0%
BITBANK8           100      0       0      20        0.0%
BANK8              100      0       0      21        0.0%
BITBANK9           100      0       0      22        0.0%
BANK9              100      0       0      23        0.0%
BITBANK10          100      0       0      24        0.0%
BANK10             100      0       0      25        0.0%
BITBANK11          100      0       0      26        0.0%
BANK11             100      0       0      27        0.0%
BITBANK12          100      0       0      28        0.0%
BANK12             100      0       0      29        0.0%
BITBANK13          100      0       0      30        0.0%
BANK13             100      0       0      31        0.0%
BITBANK14          100      0       0      32        0.0%
BANK14             100      0       0      33        0.0%
ABS                  0      0       0      34        0.0%
BITBANK15           80      0       0      35        0.0%
BANK15              80      0       0      36        0.0%
BIGRAM             F7F      0       0      37        0.0%
BITSFR               0      0       0      40        0.0%
SFR                  0      0       0      40        0.0%


Microchip Technology PIC18 Macro Assembler V1.34 build -361300703 
Symbol Table                                                                                   Sun Sep 12 15:19:04 2021

                     l11 FFCC                       l12 FFE8                       l21 FFC2  
                    l605 FFA8                      l615 FFD4                      l609 FFBC  
           __CFG_LVP$OFF 000000             __CFG_WDT$OFF 000000                     _main FFC4  
                   start 0000             ___param_bank 000010                    ?_main 0001  
                  _PORTC 000F82                    _TRISC 000F94                    main@i 0003  
         __CFG_BOREN$OFF 000000                    status 000FD8          __initialization FF9A  
           __end_of_main 0000                   ??_main 0003            __activetblptr 000000  
                 _ADCON1 000FC1               __accesstop 0080  __end_of__initialization FF9A  
          ___rparam_used 000001           __pcstackCOMRAM 0001           Delay_One_Sec@I 0001  
     __CFG_CCP2MX$PORTBE 000000   __size_of_Delay_One_Sec 0024                  __Hparam 0000  
                __Lparam 0000                  __pcinit FF9A                  __ramtop 1000  
                __ptext0 FFC4                  __ptext1 FFA0     end_of_initialization FF9A  
          _Delay_One_Sec FFA0           ?_Delay_One_Sec 0001      start_initialization FF9A  
       __CFG_OSC$INTIO67 000000          ??_Delay_One_Sec 0001                 __Hrparam 0000  
               __Lrparam 0000            __size_of_main 003C    __end_of_Delay_One_Sec FFC4  
