Warning[205] C:\USERS\JAY\DESKTOP\FALL 2022\ECE 3301L\LABS\LAB 3\PART 1\LAB_3P1.X\LAB3P1.ASM 4 : Found directive in column 1. (config)
Warning[205] C:\USERS\JAY\DESKTOP\FALL 2022\ECE 3301L\LABS\LAB 3\PART 1\LAB_3P1.X\LAB3P1.ASM 5 : Found directive in column 1. (config)
Warning[205] C:\USERS\JAY\DESKTOP\FALL 2022\ECE 3301L\LABS\LAB 3\PART 1\LAB_3P1.X\LAB3P1.ASM 6 : Found directive in column 1. (config)
Warning[205] C:\USERS\JAY\DESKTOP\FALL 2022\ECE 3301L\LABS\LAB 3\PART 1\LAB_3P1.X\LAB3P1.ASM 7 : Found directive in column 1. (config)
Warning[205] C:\USERS\JAY\DESKTOP\FALL 2022\ECE 3301L\LABS\LAB 3\PART 1\LAB_3P1.X\LAB3P1.ASM 11 : Found directive in column 1. (ORG)
Warning[203] C:\USERS\JAY\DESKTOP\FALL 2022\ECE 3301L\LABS\LAB 3\PART 1\LAB_3P1.X\LAB3P1.ASM 14 : Found opcode in column 1. (MOVLW)
Warning[203] C:\USERS\JAY\DESKTOP\FALL 2022\ECE 3301L\LABS\LAB 3\PART 1\LAB_3P1.X\LAB3P1.ASM 15 : Found opcode in column 1. (MOVWF)
Warning[203] C:\USERS\JAY\DESKTOP\FALL 2022\ECE 3301L\LABS\LAB 3\PART 1\LAB_3P1.X\LAB3P1.ASM 16 : Found opcode in column 1. (MOVLW)
Warning[203] C:\USERS\JAY\DESKTOP\FALL 2022\ECE 3301L\LABS\LAB 3\PART 1\LAB_3P1.X\LAB3P1.ASM 17 : Found opcode in column 1. (MOVWF)
Warning[203] C:\USERS\JAY\DESKTOP\FALL 2022\ECE 3301L\LABS\LAB 3\PART 1\LAB_3P1.X\LAB3P1.ASM 19 : Found opcode in column 1. (MOVLW)
Warning[203] C:\USERS\JAY\DESKTOP\FALL 2022\ECE 3301L\LABS\LAB 3\PART 1\LAB_3P1.X\LAB3P1.ASM 20 : Found opcode in column 1. (MOVWF)
Warning[203] C:\USERS\JAY\DESKTOP\FALL 2022\ECE 3301L\LABS\LAB 3\PART 1\LAB_3P1.X\LAB3P1.ASM 22 : Found opcode in column 1. (CALL)
Warning[203] C:\USERS\JAY\DESKTOP\FALL 2022\ECE 3301L\LABS\LAB 3\PART 1\LAB_3P1.X\LAB3P1.ASM 23 : Found opcode in column 1. (MOVLW)
Warning[203] C:\USERS\JAY\DESKTOP\FALL 2022\ECE 3301L\LABS\LAB 3\PART 1\LAB_3P1.X\LAB3P1.ASM 24 : Found opcode in column 1. (MOVWF)
Warning[203] C:\USERS\JAY\DESKTOP\FALL 2022\ECE 3301L\LABS\LAB 3\PART 1\LAB_3P1.X\LAB3P1.ASM 25 : Found opcode in column 1. (CALL)
Warning[203] C:\USERS\JAY\DESKTOP\FALL 2022\ECE 3301L\LABS\LAB 3\PART 1\LAB_3P1.X\LAB3P1.ASM 26 : Found opcode in column 1. (GOTO)
Warning[203] C:\USERS\JAY\DESKTOP\FALL 2022\ECE 3301L\LABS\LAB 3\PART 1\LAB_3P1.X\LAB3P1.ASM 28 : Found opcode in column 1. (MOVLW)
Warning[203] C:\USERS\JAY\DESKTOP\FALL 2022\ECE 3301L\LABS\LAB 3\PART 1\LAB_3P1.X\LAB3P1.ASM 29 : Found opcode in column 1. (MOVWF)
Warning[203] C:\USERS\JAY\DESKTOP\FALL 2022\ECE 3301L\LABS\LAB 3\PART 1\LAB_3P1.X\LAB3P1.ASM 31 : Found opcode in column 1. (NOP)
Warning[203] C:\USERS\JAY\DESKTOP\FALL 2022\ECE 3301L\LABS\LAB 3\PART 1\LAB_3P1.X\LAB3P1.ASM 32 : Found opcode in column 1. (MOVLW)
Warning[203] C:\USERS\JAY\DESKTOP\FALL 2022\ECE 3301L\LABS\LAB 3\PART 1\LAB_3P1.X\LAB3P1.ASM 33 : Found opcode in column 1. (MOVWF)
Warning[203] C:\USERS\JAY\DESKTOP\FALL 2022\ECE 3301L\LABS\LAB 3\PART 1\LAB_3P1.X\LAB3P1.ASM 35 : Found opcode in column 1. (NOP)
Warning[203] C:\USERS\JAY\DESKTOP\FALL 2022\ECE 3301L\LABS\LAB 3\PART 1\LAB_3P1.X\LAB3P1.ASM 36 : Found opcode in column 1. (DECF)
Warning[203] C:\USERS\JAY\DESKTOP\FALL 2022\ECE 3301L\LABS\LAB 3\PART 1\LAB_3P1.X\LAB3P1.ASM 37 : Found opcode in column 1. (BNZ)
Warning[203] C:\USERS\JAY\DESKTOP\FALL 2022\ECE 3301L\LABS\LAB 3\PART 1\LAB_3P1.X\LAB3P1.ASM 38 : Found opcode in column 1. (DECF)
Warning[203] C:\USERS\JAY\DESKTOP\FALL 2022\ECE 3301L\LABS\LAB 3\PART 1\LAB_3P1.X\LAB3P1.ASM 39 : Found opcode in column 1. (BNZ)
Warning[203] C:\USERS\JAY\DESKTOP\FALL 2022\ECE 3301L\LABS\LAB 3\PART 1\LAB_3P1.X\LAB3P1.ASM 40 : Found opcode in column 1. (RETURN)
Warning[205] C:\USERS\JAY\DESKTOP\FALL 2022\ECE 3301L\LABS\LAB 3\PART 1\LAB_3P1.X\LAB3P1.ASM 41 : Found directive in column 1. (END)
